<component name="libraryTable">
  <library name="junit" external-system-id="GRADLE">
    <CLASSES />
    <JAVADOC />
    <SOURCES />
  </library>
</component>