<component name="libraryTable">
  <library name="junit">
    <CLASSES>
      <root url="jar://$PROJECT_DIR$/lib/junit.jar!/" />
    </CLASSES>
    <JAVADOC />
    <SOURCES />
    <excluded>
      <root url="jar://$PROJECT_DIR$/lib/junit.jar!/junit/"/>
      <root url="jar://$PROJECT_DIR$/lib/junit.jar!/META-INF/"/>
    </excluded>
  </library>
</component>