<component name="libraryTable">
  <library name="junit2">
    <ANNOTATIONS>
      <root url="file://$PROJECT_DIR$/lib/junit-anno" />
    </ANNOTATIONS>
    <CLASSES>
      <root url="jar://$PROJECT_DIR$/lib/junit.jar!/" />
    </CLASSES>
    <JAVADOC>
      <root url="file://$PROJECT_DIR$/lib/javadoc" />
      <root url="http://javadoc" />
    </JAVADOC>
    <SOURCES />
  </library>
</component>