<idea-plugin>
  <extensions defaultExtensionNs="com.intellij">
    <junitListener implementation="com.intellij.coverage.listeners.IDEAJUnitCoverageListener"/>
  </extensions>
</idea-plugin>
