<component name="libraryTable">
  <library name="JUnit5Launcher" type="repository">
    <properties maven-id="org.junit.platform:junit-platform-launcher:1.13.3">
      <verification>
        <artifact url="file://$MAVEN_REPOSITORY$/org/junit/platform/junit-platform-launcher/1.13.3/junit-platform-launcher-1.13.3.jar">
          <sha256sum>ad624cead57eabb08113d7b61aa19f916ac725a4ee8c7fb325e2207762b0c87f</sha256sum>
        </artifact>
        <artifact url="file://$MAVEN_REPOSITORY$/org/junit/platform/junit-platform-engine/1.13.3/junit-platform-engine-1.13.3.jar">
          <sha256sum>490a2a372bd2491d0a9b3c60531d84f1381b1a1d7ca09eeb3bfe79e366f8eada</sha256sum>
        </artifact>
      </verification>
      <exclude>
        <dependency maven-id="org.apiguardian:apiguardian-api" />
        <dependency maven-id="org.opentest4j:opentest4j" />
        <dependency maven-id="org.junit.platform:junit-platform-commons" />
      </exclude>
    </properties>
    <CLASSES>
      <root url="jar://$MAVEN_REPOSITORY$/org/junit/platform/junit-platform-launcher/1.13.3/junit-platform-launcher-1.13.3.jar!/" />
      <root url="jar://$MAVEN_REPOSITORY$/org/junit/platform/junit-platform-engine/1.13.3/junit-platform-engine-1.13.3.jar!/" />
    </CLASSES>
    <JAVADOC />
    <SOURCES>
      <root url="jar://$MAVEN_REPOSITORY$/org/junit/platform/junit-platform-launcher/1.13.3/junit-platform-launcher-1.13.3-sources.jar!/" />
      <root url="jar://$MAVEN_REPOSITORY$/org/junit/platform/junit-platform-engine/1.13.3/junit-platform-engine-1.13.3-sources.jar!/" />
    </SOURCES>
  </library>
</component>