<component name="libraryTable">
  <library name="JUnit3" type="repository">
    <properties maven-id="junit:junit:3.8.1" />
    <CLASSES>
      <root url="jar://$MAVEN_REPOSITORY$/junit/junit/3.8.1/junit-3.8.1.jar!/" />
    </CLASSES>
    <JAVADOC />
    <SOURCES>
      <root url="jar://$MAVEN_REPOSITORY$/junit/junit/3.8.1/junit-3.8.1-sources.jar!/" />
    </SOURCES>
  </library>
</component>