<component name="libraryTable">
  <library name="JUnit5Launcher" type="repository">
    <properties maven-id="org.junit.platform:junit-platform-launcher:1.12.2">
      <verification>
        <artifact url="file://$MAVEN_REPOSITORY$/org/junit/platform/junit-platform-launcher/1.12.2/junit-platform-launcher-1.12.2.jar">
          <sha256sum>dccf2c1fa0a977c53ad094ad859bfdddd524d97594b76307ad787de71985757f</sha256sum>
        </artifact>
        <artifact url="file://$MAVEN_REPOSITORY$/org/junit/platform/junit-platform-engine/1.12.2/junit-platform-engine-1.12.2.jar">
          <sha256sum>cef0efcb5bd2e05e2b808d38bab5c655089c0c3001527376e74cb606a7911ec8</sha256sum>
        </artifact>
      </verification>
      <exclude>
        <dependency maven-id="org.apiguardian:apiguardian-api" />
        <dependency maven-id="org.opentest4j:opentest4j" />
        <dependency maven-id="org.junit.platform:junit-platform-commons" />
      </exclude>
    </properties>
    <CLASSES>
      <root url="jar://$MAVEN_REPOSITORY$/org/junit/platform/junit-platform-launcher/1.12.2/junit-platform-launcher-1.12.2.jar!/" />
      <root url="jar://$MAVEN_REPOSITORY$/org/junit/platform/junit-platform-engine/1.12.2/junit-platform-engine-1.12.2.jar!/" />
    </CLASSES>
    <JAVADOC />
    <SOURCES>
      <root url="jar://$MAVEN_REPOSITORY$/org/junit/platform/junit-platform-launcher/1.12.2/junit-platform-launcher-1.12.2-sources.jar!/" />
      <root url="jar://$MAVEN_REPOSITORY$/org/junit/platform/junit-platform-engine/1.12.2/junit-platform-engine-1.12.2-sources.jar!/" />
    </SOURCES>
  </library>
</component>