<component name="libraryTable">
  <library name="JUnit5Suites" type="repository">
    <properties maven-id="org.junit.platform:junit-platform-suite:1.10.0">
      <verification>
        <artifact url="file://$MAVEN_REPOSITORY$/org/junit/platform/junit-platform-suite/1.10.0/junit-platform-suite-1.10.0.jar">
          <sha256sum>5982b7b258e031e5cee3f3fb7357e7c1175237559bd812cebcbdcaec74c38d8d</sha256sum>
        </artifact>
        <artifact url="file://$MAVEN_REPOSITORY$/org/junit/platform/junit-platform-suite-api/1.10.0/junit-platform-suite-api-1.10.0.jar">
          <sha256sum>29375380c304d96c93466dd2d21e7a0692381689a0a2205e3c0d1961638beaf3</sha256sum>
        </artifact>
        <artifact url="file://$MAVEN_REPOSITORY$/org/junit/platform/junit-platform-suite-engine/1.10.0/junit-platform-suite-engine-1.10.0.jar">
          <sha256sum>a70e59f996a222ca36c04989e766266cc2b446a63ce379bf02bac241fcebd7f3</sha256sum>
        </artifact>
        <artifact url="file://$MAVEN_REPOSITORY$/org/junit/platform/junit-platform-suite-commons/1.10.0/junit-platform-suite-commons-1.10.0.jar">
          <sha256sum>01eb735855dc0d9d24d7219c84c4d4bf8751a126101e56948f792b27289f676b</sha256sum>
        </artifact>
      </verification>
      <exclude>
        <dependency maven-id="org.junit.platform:junit-platform-commons" />
        <dependency maven-id="org.apiguardian:apiguardian-api" />
        <dependency maven-id="org.junit.platform:junit-platform-engine" />
        <dependency maven-id="org.junit.platform:junit-platform-launcher" />
      </exclude>
    </properties>
    <CLASSES>
      <root url="jar://$MAVEN_REPOSITORY$/org/junit/platform/junit-platform-suite/1.10.0/junit-platform-suite-1.10.0.jar!/" />
      <root url="jar://$MAVEN_REPOSITORY$/org/junit/platform/junit-platform-suite-api/1.10.0/junit-platform-suite-api-1.10.0.jar!/" />
      <root url="jar://$MAVEN_REPOSITORY$/org/junit/platform/junit-platform-suite-engine/1.10.0/junit-platform-suite-engine-1.10.0.jar!/" />
      <root url="jar://$MAVEN_REPOSITORY$/org/junit/platform/junit-platform-suite-commons/1.10.0/junit-platform-suite-commons-1.10.0.jar!/" />
    </CLASSES>
    <JAVADOC />
    <SOURCES>
      <root url="jar://$MAVEN_REPOSITORY$/org/junit/platform/junit-platform-suite/1.10.0/junit-platform-suite-1.10.0-sources.jar!/" />
      <root url="jar://$MAVEN_REPOSITORY$/org/junit/platform/junit-platform-suite-api/1.10.0/junit-platform-suite-api-1.10.0-sources.jar!/" />
      <root url="jar://$MAVEN_REPOSITORY$/org/junit/platform/junit-platform-suite-engine/1.10.0/junit-platform-suite-engine-1.10.0-sources.jar!/" />
      <root url="jar://$MAVEN_REPOSITORY$/org/junit/platform/junit-platform-suite-commons/1.10.0/junit-platform-suite-commons-1.10.0-sources.jar!/" />
    </SOURCES>
  </library>
</component>