<component name="libraryTable">
  <library name="JUnit4" type="repository">
    <properties maven-id="junit:junit:4.13.2">
      <verification>
        <artifact url="file://$MAVEN_REPOSITORY$/junit/junit/4.13.2/junit-4.13.2.jar">
          <sha256sum>8e495b634469d64fb8acfa3495a065cbacc8a0fff55ce1e31007be4c16dc57d3</sha256sum>
        </artifact>
        <artifact url="file://$MAVEN_REPOSITORY$/org/hamcrest/hamcrest-core/1.3/hamcrest-core-1.3.jar">
          <sha256sum>66fdef91e9739348df7a096aa384a5685f4e875584cce89386a7a47251c4d8e9</sha256sum>
        </artifact>
      </verification>
    </properties>
    <ANNOTATIONS>
      <root url="file://$PROJECT_DIR$/lib/annotations/junit4" />
    </ANNOTATIONS>
    <CLASSES>
      <root url="jar://$MAVEN_REPOSITORY$/junit/junit/4.13.2/junit-4.13.2.jar!/" />
      <root url="jar://$MAVEN_REPOSITORY$/org/hamcrest/hamcrest-core/1.3/hamcrest-core-1.3.jar!/" />
    </CLASSES>
    <JAVADOC />
    <SOURCES>
      <root url="jar://$MAVEN_REPOSITORY$/junit/junit/4.13.2/junit-4.13.2-sources.jar!/" />
      <root url="jar://$MAVEN_REPOSITORY$/org/hamcrest/hamcrest-core/1.3/hamcrest-core-1.3-sources.jar!/" />
    </SOURCES>
  </library>
</component>