<component name="libraryTable">
  <library name="JUnit5Vintage" type="repository">
    <properties include-transitive-deps="false" maven-id="org.junit.vintage:junit-vintage-engine:5.9.1">
      <verification>
        <artifact url="file://$MAVEN_REPOSITORY$/org/junit/vintage/junit-vintage-engine/5.9.1/junit-vintage-engine-5.9.1.jar">
          <sha256sum>b97de493877c9ba5e4f03b44bd348a53e5fc9df2df5b1a048923e0204f7d7178</sha256sum>
        </artifact>
      </verification>
    </properties>
    <CLASSES>
      <root url="jar://$MAVEN_REPOSITORY$/org/junit/vintage/junit-vintage-engine/5.9.1/junit-vintage-engine-5.9.1.jar!/" />
    </CLASSES>
    <JAVADOC />
    <SOURCES>
      <root url="jar://$MAVEN_REPOSITORY$/org/junit/vintage/junit-vintage-engine/5.9.1/junit-vintage-engine-5.9.1-sources.jar!/" />
    </SOURCES>
  </library>
</component>