<component name="libraryTable">
  <library name="JUnit5Pioneer" type="repository">
    <properties maven-id="org.junit-pioneer:junit-pioneer:2.3.0">
      <verification>
        <artifact url="file://$MAVEN_REPOSITORY$/org/junit-pioneer/junit-pioneer/2.3.0/junit-pioneer-2.3.0.jar">
          <sha256sum>8b09db32c8cf5b2112a00262411ccd4ef6ca3bae695a0015ecad4def23dea9fd</sha256sum>
        </artifact>
      </verification>
      <exclude>
        <dependency maven-id="org.junit.jupiter:junit-jupiter-params" />
        <dependency maven-id="org.junit.platform:junit-platform-commons" />
        <dependency maven-id="org.junit.platform:junit-platform-engine" />
        <dependency maven-id="org.junit.platform:junit-platform-launcher" />
        <dependency maven-id="org.opentest4j:opentest4j" />
        <dependency maven-id="org.junit.jupiter:junit-jupiter-api" />
        <dependency maven-id="org.apiguardian:apiguardian-api" />
      </exclude>
    </properties>
    <CLASSES>
      <root url="jar://$MAVEN_REPOSITORY$/org/junit-pioneer/junit-pioneer/2.3.0/junit-pioneer-2.3.0.jar!/" />
    </CLASSES>
    <JAVADOC>
      <root url="jar://$MAVEN_REPOSITORY$/org/junit-pioneer/junit-pioneer/2.3.0/junit-pioneer-2.3.0-javadoc.jar!/" />
    </JAVADOC>
    <SOURCES>
      <root url="jar://$MAVEN_REPOSITORY$/org/junit-pioneer/junit-pioneer/2.3.0/junit-pioneer-2.3.0-sources.jar!/" />
    </SOURCES>
  </library>
</component>