<component name="libraryTable">
  <library name="JUnit3" type="repository">
    <properties maven-id="junit:junit:3.8.2">
      <verification>
        <artifact url="file://$MAVEN_REPOSITORY$/junit/junit/3.8.2/junit-3.8.2.jar">
          <sha256sum>ecdcc08183708ea3f7b0ddc96f19678a0db8af1fb397791d484aed63200558b0</sha256sum>
        </artifact>
      </verification>
    </properties>
    <CLASSES>
      <root url="jar://$MAVEN_REPOSITORY$/junit/junit/3.8.2/junit-3.8.2.jar!/" />
    </CLASSES>
    <JAVADOC />
    <SOURCES>
      <root url="jar://$MAVEN_REPOSITORY$/junit/junit/3.8.2/junit-3.8.2-sources.jar!/" />
    </SOURCES>
  </library>
</component>