<component name="libraryTable">
  <library name="JUnit5Suites" type="repository">
    <properties maven-id="org.junit.platform:junit-platform-suite:1.11.3">
      <verification>
        <artifact url="file://$MAVEN_REPOSITORY$/org/junit/platform/junit-platform-suite/1.11.3/junit-platform-suite-1.11.3.jar">
          <sha256sum>ef4cb7ed1625394c3cecfa8a1eed3559cd119be75b5cba3b7cb4a60c511aa2d3</sha256sum>
        </artifact>
        <artifact url="file://$MAVEN_REPOSITORY$/org/junit/platform/junit-platform-suite-api/1.11.3/junit-platform-suite-api-1.11.3.jar">
          <sha256sum>c728aa61ccd7942552f8bd4e50ec3064260d4a1e085022cbfccd64a88f9b3820</sha256sum>
        </artifact>
        <artifact url="file://$MAVEN_REPOSITORY$/org/junit/platform/junit-platform-suite-engine/1.11.3/junit-platform-suite-engine-1.11.3.jar">
          <sha256sum>b09dda0a52850bfb7cb8b94b76225b0245cac9dd3fa2d3cc4beef68dc255e6ca</sha256sum>
        </artifact>
        <artifact url="file://$MAVEN_REPOSITORY$/org/junit/platform/junit-platform-suite-commons/1.11.3/junit-platform-suite-commons-1.11.3.jar">
          <sha256sum>1369846b83b7ea6f24670b2b4d8a372a1bbbc844e2746f5a93396b5a13a28ca6</sha256sum>
        </artifact>
      </verification>
      <exclude>
        <dependency maven-id="org.junit.platform:junit-platform-commons" />
        <dependency maven-id="org.apiguardian:apiguardian-api" />
        <dependency maven-id="org.junit.platform:junit-platform-engine" />
        <dependency maven-id="org.junit.platform:junit-platform-launcher" />
      </exclude>
    </properties>
    <CLASSES>
      <root url="jar://$MAVEN_REPOSITORY$/org/junit/platform/junit-platform-suite/1.11.3/junit-platform-suite-1.11.3.jar!/" />
      <root url="jar://$MAVEN_REPOSITORY$/org/junit/platform/junit-platform-suite-api/1.11.3/junit-platform-suite-api-1.11.3.jar!/" />
      <root url="jar://$MAVEN_REPOSITORY$/org/junit/platform/junit-platform-suite-engine/1.11.3/junit-platform-suite-engine-1.11.3.jar!/" />
      <root url="jar://$MAVEN_REPOSITORY$/org/junit/platform/junit-platform-suite-commons/1.11.3/junit-platform-suite-commons-1.11.3.jar!/" />
    </CLASSES>
    <JAVADOC />
    <SOURCES>
      <root url="jar://$MAVEN_REPOSITORY$/org/junit/platform/junit-platform-suite/1.11.3/junit-platform-suite-1.11.3-sources.jar!/" />
      <root url="jar://$MAVEN_REPOSITORY$/org/junit/platform/junit-platform-suite-api/1.11.3/junit-platform-suite-api-1.11.3-sources.jar!/" />
      <root url="jar://$MAVEN_REPOSITORY$/org/junit/platform/junit-platform-suite-engine/1.11.3/junit-platform-suite-engine-1.11.3-sources.jar!/" />
      <root url="jar://$MAVEN_REPOSITORY$/org/junit/platform/junit-platform-suite-commons/1.11.3/junit-platform-suite-commons-1.11.3-sources.jar!/" />
    </SOURCES>
  </library>
</component>