<component name="libraryTable">
  <library name="JUnit5Jupiter" type="repository">
    <properties include-transitive-deps="false" maven-id="org.junit.jupiter:junit-jupiter-engine:5.13.3">
      <verification>
        <artifact url="file://$MAVEN_REPOSITORY$/org/junit/jupiter/junit-jupiter-engine/5.13.3/junit-jupiter-engine-5.13.3.jar">
          <sha256sum>0807ee26d438757518b7defca23c037f25c80d93e459e72b9ab99396fb4b478b</sha256sum>
        </artifact>
      </verification>
    </properties>
    <CLASSES>
      <root url="jar://$MAVEN_REPOSITORY$/org/junit/jupiter/junit-jupiter-engine/5.13.3/junit-jupiter-engine-5.13.3.jar!/" />
    </CLASSES>
    <JAVADOC />
    <SOURCES>
      <root url="jar://$MAVEN_REPOSITORY$/org/junit/jupiter/junit-jupiter-engine/5.13.3/junit-jupiter-engine-5.13.3-sources.jar!/" />
    </SOURCES>
  </library>
</component>