<component name="libraryTable">
  <library name="JUnit3" type="repository">
    <properties maven-id="junit:junit:3.8.1">
      <verification>
        <artifact url="file://$MAVEN_REPOSITORY$/junit/junit/3.8.1/junit-3.8.1.jar">
          <sha256sum>b58e459509e190bed737f3592bc1950485322846cf10e78ded1d065153012d70</sha256sum>
        </artifact>
      </verification>
    </properties>
    <CLASSES>
      <root url="jar://$MAVEN_REPOSITORY$/junit/junit/3.8.1/junit-3.8.1.jar!/" />
    </CLASSES>
    <JAVADOC />
    <SOURCES>
      <root url="jar://$MAVEN_REPOSITORY$/junit/junit/3.8.1/junit-3.8.1-sources.jar!/" />
    </SOURCES>
  </library>
</component>