<component name="libraryTable">
  <library name="JUnit5Launcher" type="repository">
    <properties maven-id="org.junit.platform:junit-platform-launcher:1.10.0">
      <verification>
        <artifact url="file://$MAVEN_REPOSITORY$/org/junit/platform/junit-platform-launcher/1.10.0/junit-platform-launcher-1.10.0.jar">
          <sha256sum>8c60b661ac170701a635dfc67565efbb8c85b5c5cdd5a4a9576e3a015c7111a4</sha256sum>
        </artifact>
        <artifact url="file://$MAVEN_REPOSITORY$/org/junit/platform/junit-platform-engine/1.10.0/junit-platform-engine-1.10.0.jar">
          <sha256sum>cd338efd02ee73966ea754e0c0c71e1a11f4af5db9c2003e4b6137e119155abe</sha256sum>
        </artifact>
      </verification>
      <exclude>
        <dependency maven-id="org.apiguardian:apiguardian-api" />
        <dependency maven-id="org.opentest4j:opentest4j" />
        <dependency maven-id="org.junit.platform:junit-platform-commons" />
      </exclude>
    </properties>
    <CLASSES>
      <root url="jar://$MAVEN_REPOSITORY$/org/junit/platform/junit-platform-launcher/1.10.0/junit-platform-launcher-1.10.0.jar!/" />
      <root url="jar://$MAVEN_REPOSITORY$/org/junit/platform/junit-platform-engine/1.10.0/junit-platform-engine-1.10.0.jar!/" />
    </CLASSES>
    <JAVADOC />
    <SOURCES>
      <root url="jar://$MAVEN_REPOSITORY$/org/junit/platform/junit-platform-launcher/1.10.0/junit-platform-launcher-1.10.0-sources.jar!/" />
      <root url="jar://$MAVEN_REPOSITORY$/org/junit/platform/junit-platform-engine/1.10.0/junit-platform-engine-1.10.0-sources.jar!/" />
    </SOURCES>
  </library>
</component>