<component name="libraryTable">
  <library name="JUnit5Params" type="repository">
    <properties include-transitive-deps="false" maven-id="org.junit.jupiter:junit-jupiter-params:5.13.3">
      <verification>
        <artifact url="file://$MAVEN_REPOSITORY$/org/junit/jupiter/junit-jupiter-params/5.13.3/junit-jupiter-params-5.13.3.jar">
          <sha256sum>df89bce8292c44fd3342564aeb5e8e9f45e6474e2b341e893ce8ff186089a51c</sha256sum>
        </artifact>
      </verification>
    </properties>
    <CLASSES>
      <root url="jar://$MAVEN_REPOSITORY$/org/junit/jupiter/junit-jupiter-params/5.13.3/junit-jupiter-params-5.13.3.jar!/" />
    </CLASSES>
    <JAVADOC />
    <SOURCES>
      <root url="jar://$MAVEN_REPOSITORY$/org/junit/jupiter/junit-jupiter-params/5.13.3/junit-jupiter-params-5.13.3-sources.jar!/" />
    </SOURCES>
  </library>
</component>