<component name="libraryTable">
  <library name="JUnit5Vintage" type="repository">
    <properties include-transitive-deps="false" maven-id="org.junit.vintage:junit-vintage-engine:5.12.2">
      <verification>
        <artifact url="file://$MAVEN_REPOSITORY$/org/junit/vintage/junit-vintage-engine/5.12.2/junit-vintage-engine-5.12.2.jar">
          <sha256sum>bb88528a3c4af920db540cdbac2050b83f68078ab28583e6dbf9457522dee4eb</sha256sum>
        </artifact>
      </verification>
    </properties>
    <CLASSES>
      <root url="jar://$MAVEN_REPOSITORY$/org/junit/vintage/junit-vintage-engine/5.12.2/junit-vintage-engine-5.12.2.jar!/" />
    </CLASSES>
    <JAVADOC />
    <SOURCES>
      <root url="jar://$MAVEN_REPOSITORY$/org/junit/vintage/junit-vintage-engine/5.12.2/junit-vintage-engine-5.12.2-sources.jar!/" />
    </SOURCES>
  </library>
</component>