<component name="libraryTable">
  <library name="JUnit5Vintage" type="repository">
    <properties include-transitive-deps="false" maven-id="org.junit.vintage:junit-vintage-engine:5.10.2">
      <verification>
        <artifact url="file://$MAVEN_REPOSITORY$/org/junit/vintage/junit-vintage-engine/5.10.2/junit-vintage-engine-5.10.2.jar">
          <sha256sum>f1f8d1d33572c750cbe9bc6ab81019af28e8de555d58c42d1d0b7248b3315769</sha256sum>
        </artifact>
      </verification>
    </properties>
    <CLASSES>
      <root url="jar://$MAVEN_REPOSITORY$/org/junit/vintage/junit-vintage-engine/5.10.2/junit-vintage-engine-5.10.2.jar!/" />
    </CLASSES>
    <JAVADOC />
    <SOURCES>
      <root url="jar://$MAVEN_REPOSITORY$/org/junit/vintage/junit-vintage-engine/5.10.2/junit-vintage-engine-5.10.2-sources.jar!/" />
    </SOURCES>
  </library>
</component>