<component name="libraryTable">
  <library name="JUnit3">
    <CLASSES>
      <root url="jar://$PROJECT_DIR$/lib/junit.jar!/" />
    </CLASSES>
    <JAVADOC />
    <SOURCES>
      <root url="jar://$PROJECT_DIR$/lib/src/junit3_8_1.jar!/"/>
    </SOURCES>
  </library>
</component>