<component name="libraryTable">
  <library name="JUnit5Vintage" type="repository">
    <properties include-transitive-deps="false" maven-id="org.junit.vintage:junit-vintage-engine:5.13.3">
      <verification>
        <artifact url="file://$MAVEN_REPOSITORY$/org/junit/vintage/junit-vintage-engine/5.13.3/junit-vintage-engine-5.13.3.jar">
          <sha256sum>d9bf872919131f217932fe308161cbd9912877a347b0d81b4d78143eadfb8695</sha256sum>
        </artifact>
      </verification>
    </properties>
    <CLASSES>
      <root url="jar://$MAVEN_REPOSITORY$/org/junit/vintage/junit-vintage-engine/5.13.3/junit-vintage-engine-5.13.3.jar!/" />
    </CLASSES>
    <JAVADOC />
    <SOURCES>
      <root url="jar://$MAVEN_REPOSITORY$/org/junit/vintage/junit-vintage-engine/5.13.3/junit-vintage-engine-5.13.3-sources.jar!/" />
    </SOURCES>
  </library>
</component>