<component name="libraryTable">
  <library name="JUnit4" type="repository">
    <properties maven-id="junit:junit:4.13.2">
      <verification>
        <artifact url="file://$MAVEN_REPOSITORY$/junit/junit/4.13.2/junit-4.13.2.jar">
          <sha256sum>8e495b634469d64fb8acfa3495a065cbacc8a0fff55ce1e31007be4c16dc57d3</sha256sum>
        </artifact>
      </verification>
      <exclude>
        <dependency maven-id="org.hamcrest:hamcrest-core" />
      </exclude>
    </properties>
    <ANNOTATIONS>
      <root url="file://$PROJECT_DIR$/lib/annotations/junit4" />
    </ANNOTATIONS>
    <CLASSES>
      <root url="jar://$MAVEN_REPOSITORY$/junit/junit/4.13.2/junit-4.13.2.jar!/" />
    </CLASSES>
    <JAVADOC />
    <SOURCES>
      <root url="jar://$MAVEN_REPOSITORY$/junit/junit/4.13.2/junit-4.13.2-sources.jar!/" />
    </SOURCES>
  </library>
</component>