<component name="libraryTable">
  <library name="JUnit5Params" type="repository">
    <properties include-transitive-deps="false" maven-id="org.junit.jupiter:junit-jupiter-params:5.10.2">
      <verification>
        <artifact url="file://$MAVEN_REPOSITORY$/org/junit/jupiter/junit-jupiter-params/5.10.2/junit-jupiter-params-5.10.2.jar">
          <sha256sum>edb1e43ff0b8067626ffb55e5e9eeca1d9ab2478141a7c7f253d115b29cc7cf2</sha256sum>
        </artifact>
      </verification>
    </properties>
    <CLASSES>
      <root url="jar://$MAVEN_REPOSITORY$/org/junit/jupiter/junit-jupiter-params/5.10.2/junit-jupiter-params-5.10.2.jar!/" />
    </CLASSES>
    <JAVADOC />
    <SOURCES>
      <root url="jar://$MAVEN_REPOSITORY$/org/junit/jupiter/junit-jupiter-params/5.10.2/junit-jupiter-params-5.10.2-sources.jar!/" />
    </SOURCES>
  </library>
</component>