<component name="libraryTable">
  <library name="JUnit5" type="repository">
    <properties maven-id="org.junit.jupiter:junit-jupiter-api:5.3.1" />
    <CLASSES>
      <root url="jar://$MAVEN_REPOSITORY$/org/junit/jupiter/junit-jupiter-api/5.3.1/junit-jupiter-api-5.3.1.jar!/" />
      <root url="jar://$MAVEN_REPOSITORY$/org/apiguardian/apiguardian-api/1.0.0/apiguardian-api-1.0.0.jar!/" />
      <root url="jar://$MAVEN_REPOSITORY$/org/opentest4j/opentest4j/1.1.1/opentest4j-1.1.1.jar!/" />
      <root url="jar://$MAVEN_REPOSITORY$/org/junit/platform/junit-platform-commons/1.3.1/junit-platform-commons-1.3.1.jar!/" />
    </CLASSES>
    <JAVADOC />
    <SOURCES>
      <root url="jar://$MAVEN_REPOSITORY$/org/junit/jupiter/junit-jupiter-api/5.3.1/junit-jupiter-api-5.3.1-sources.jar!/" />
      <root url="jar://$MAVEN_REPOSITORY$/org/apiguardian/apiguardian-api/1.0.0/apiguardian-api-1.0.0-sources.jar!/" />
      <root url="jar://$MAVEN_REPOSITORY$/org/opentest4j/opentest4j/1.1.1/opentest4j-1.1.1-sources.jar!/" />
      <root url="jar://$MAVEN_REPOSITORY$/org/junit/platform/junit-platform-commons/1.3.1/junit-platform-commons-1.3.1-sources.jar!/" />
    </SOURCES>
  </library>
</component>