<component name="libraryTable">
  <library name="JUnit5Launcher" type="repository">
    <properties maven-id="org.junit.platform:junit-platform-launcher:1.13.4">
      <verification>
        <artifact url="file://$MAVEN_REPOSITORY$/org/junit/platform/junit-platform-launcher/1.13.4/junit-platform-launcher-1.13.4.jar">
          <sha256sum>0b0beaeb6880a31149641d2d848b863712885469670c12099586d7f798522564</sha256sum>
        </artifact>
        <artifact url="file://$MAVEN_REPOSITORY$/org/junit/platform/junit-platform-engine/1.13.4/junit-platform-engine-1.13.4.jar">
          <sha256sum>390c5f77b84283a64b644f88251b397e0b0debb80bdcc50f899881aecff43a5a</sha256sum>
        </artifact>
      </verification>
      <exclude>
        <dependency maven-id="org.apiguardian:apiguardian-api" />
        <dependency maven-id="org.opentest4j:opentest4j" />
        <dependency maven-id="org.junit.platform:junit-platform-commons" />
      </exclude>
    </properties>
    <CLASSES>
      <root url="jar://$MAVEN_REPOSITORY$/org/junit/platform/junit-platform-launcher/1.13.4/junit-platform-launcher-1.13.4.jar!/" />
      <root url="jar://$MAVEN_REPOSITORY$/org/junit/platform/junit-platform-engine/1.13.4/junit-platform-engine-1.13.4.jar!/" />
    </CLASSES>
    <JAVADOC />
    <SOURCES>
      <root url="jar://$MAVEN_REPOSITORY$/org/junit/platform/junit-platform-launcher/1.13.4/junit-platform-launcher-1.13.4-sources.jar!/" />
      <root url="jar://$MAVEN_REPOSITORY$/org/junit/platform/junit-platform-engine/1.13.4/junit-platform-engine-1.13.4-sources.jar!/" />
    </SOURCES>
  </library>
</component>