<component name="libraryTable">
  <library name="JUnit5" type="repository">
    <properties maven-id="org.junit.jupiter:junit-jupiter-api:5.10.2">
      <verification>
        <artifact url="file://$MAVEN_REPOSITORY$/org/junit/jupiter/junit-jupiter-api/5.10.2/junit-jupiter-api-5.10.2.jar">
          <sha256sum>afff77c186cd317275803872fa5133aa801fd6ac40bd91c78a6cf8009b4b17cc</sha256sum>
        </artifact>
        <artifact url="file://$MAVEN_REPOSITORY$/org/opentest4j/opentest4j/1.3.0/opentest4j-1.3.0.jar">
          <sha256sum>48e2df636cab6563ced64dcdff8abb2355627cb236ef0bf37598682ddf742f1b</sha256sum>
        </artifact>
        <artifact url="file://$MAVEN_REPOSITORY$/org/junit/platform/junit-platform-commons/1.10.2/junit-platform-commons-1.10.2.jar">
          <sha256sum>b56a5ec000a479df4973b18bba24c98fe0db8faa14c8907d3ef451d8c71fd8ae</sha256sum>
        </artifact>
        <artifact url="file://$MAVEN_REPOSITORY$/org/apiguardian/apiguardian-api/1.1.2/apiguardian-api-1.1.2.jar">
          <sha256sum>b509448ac506d607319f182537f0b35d71007582ec741832a1f111e5b5b70b38</sha256sum>
        </artifact>
      </verification>
    </properties>
    <CLASSES>
      <root url="jar://$MAVEN_REPOSITORY$/org/junit/jupiter/junit-jupiter-api/5.10.2/junit-jupiter-api-5.10.2.jar!/" />
      <root url="jar://$MAVEN_REPOSITORY$/org/opentest4j/opentest4j/1.3.0/opentest4j-1.3.0.jar!/" />
      <root url="jar://$MAVEN_REPOSITORY$/org/junit/platform/junit-platform-commons/1.10.2/junit-platform-commons-1.10.2.jar!/" />
      <root url="jar://$MAVEN_REPOSITORY$/org/apiguardian/apiguardian-api/1.1.2/apiguardian-api-1.1.2.jar!/" />
    </CLASSES>
    <JAVADOC />
    <SOURCES>
      <root url="jar://$MAVEN_REPOSITORY$/org/junit/jupiter/junit-jupiter-api/5.10.2/junit-jupiter-api-5.10.2-sources.jar!/" />
      <root url="jar://$MAVEN_REPOSITORY$/org/opentest4j/opentest4j/1.3.0/opentest4j-1.3.0-sources.jar!/" />
      <root url="jar://$MAVEN_REPOSITORY$/org/junit/platform/junit-platform-commons/1.10.2/junit-platform-commons-1.10.2-sources.jar!/" />
      <root url="jar://$MAVEN_REPOSITORY$/org/apiguardian/apiguardian-api/1.1.2/apiguardian-api-1.1.2-sources.jar!/" />
    </SOURCES>
  </library>
</component>